# JRE version: Java(TM) SE Runtime Environment (8.0_131-b11) (build 1.8.0_131-b11)
# Java VM: Java HotSpot(TM) 64-Bit Server VM (25.131-b11 mixed mode windows-amd64 compressed oops)
Heap:
 PSYoungGen      total 559104K, used 19854K [0x0000000780c00000, 0x00000007b3980000, 0x00000007c0000000)
  eden space 501248K, 3% used [0x0000000780c00000,0x0000000781f639f0,0x000000079f580000)
  from space 57856K, 0% used [0x000000079f580000,0x000000079f580000,0x00000007a2e00000)
  to   space 87552K, 0% used [0x00000007ae400000,0x00000007ae400000,0x00000007b3980000)
 ParOldGen       total 296448K, used 108871K [0x0000000702400000, 0x0000000714580000, 0x0000000780c00000)
  object space 296448K, 36% used [0x0000000702400000,0x0000000708e51ef0,0x0000000714580000)
 Metaspace       used 35558K, capacity 36217K, committed 36392K, reserved 1081344K
  class space    used 3999K, capacity 4148K, committed 4224K, reserved 1048576K
GC Heap History (10 events):
Event: 23.994 GC heap before
{Heap before GC invocations=12 (full 1):
 PSYoungGen      total 429056K, used 170214K [0x0000000780c00000, 0x000000079c880000, 0x00000007c0000000)
  eden space 403456K, 40% used [0x0000000780c00000,0x000000078ab818f8,0x0000000799600000)
  from space 25600K, 26% used [0x000000079af00000,0x000000079b5b8010,0x000000079c800000)
  to   space 25600K, 0% used [0x0000000799600000,0x0000000799600000,0x000000079af00000)
 ParOldGen       total 92160K, used 36599K [0x0000000702400000, 0x0000000707e00000, 0x0000000780c00000)
  object space 92160K, 39% used [0x0000000702400000,0x00000007047bdd28,0x0000000707e00000)
 Metaspace       used 34853K, capacity 35431K, committed 35496K, reserved 1081344K
  class space    used 3953K, capacity 4096K, committed 4096K, reserved 1048576K
Event: 24.040 GC heap after
Heap after GC invocations=12 (full 1):
 PSYoungGen      total 429056K, used 25574K [0x0000000780c00000, 0x00000007a4e00000, 0x00000007c0000000)
  eden space 403456K, 0% used [0x0000000780c00000,0x0000000780c00000,0x0000000799600000)
  from space 25600K, 99% used [0x0000000799600000,0x000000079aef9868,0x000000079af00000)
  to   space 32768K, 0% used [0x00000007a2e00000,0x00000007a2e00000,0x00000007a4e00000)
 ParOldGen       total 92160K, used 46507K [0x0000000702400000, 0x0000000707e00000, 0x0000000780c00000)
  object space 92160K, 50% used [0x0000000702400000,0x000000070516acb0,0x0000000707e00000)
 Metaspace       used 34853K, capacity 35431K, committed 35496K, reserved 1081344K
  class space    used 3953K, capacity 4096K, committed 4096K, reserved 1048576K
}
Event: 24.040 GC heap before
{Heap before GC invocations=13 (full 2):
 PSYoungGen      total 429056K, used 25574K [0x0000000780c00000, 0x00000007a4e00000, 0x00000007c0000000)
  eden space 403456K, 0% used [0x0000000780c00000,0x0000000780c00000,0x0000000799600000)
  from space 25600K, 99% used [0x0000000799600000,0x000000079aef9868,0x000000079af00000)
  to   space 32768K, 0% used [0x00000007a2e00000,0x00000007a2e00000,0x00000007a4e00000)
 ParOldGen       total 92160K, used 46507K [0x0000000702400000, 0x0000000707e00000, 0x0000000780c00000)
  object space 92160K, 50% used [0x0000000702400000,0x000000070516acb0,0x0000000707e00000)
 Metaspace       used 34853K, capacity 35431K, committed 35496K, reserved 1081344K
  class space    used 3953K, capacity 4096K, committed 4096K, reserved 1048576K
Event: 24.366 GC heap after
Heap after GC invocations=13 (full 2):
 PSYoungGen      total 429056K, used 0K [0x0000000780c00000, 0x00000007a4e00000, 0x00000007c0000000)
  eden space 403456K, 0% used [0x0000000780c00000,0x0000000780c00000,0x0000000799600000)
  from space 25600K, 0% used [0x0000000799600000,0x0000000799600000,0x000000079af00000)
  to   space 32768K, 0% used [0x00000007a2e00000,0x00000007a2e00000,0x00000007a4e00000)
 ParOldGen       total 169472K, used 55106K [0x0000000702400000, 0x000000070c980000, 0x0000000780c00000)
  object space 169472K, 32% used [0x0000000702400000,0x00000007059d09b8,0x000000070c980000)
 Metaspace       used 34853K, capacity 35431K, committed 35496K, reserved 1081344K
  class space    used 3953K, capacity 4096K, committed 4096K, reserved 1048576K
}
Event: 28.214 GC heap before
{Heap before GC invocations=14 (full 2):
 PSYoungGen      total 429056K, used 403456K [0x0000000780c00000, 0x00000007a4e00000, 0x00000007c0000000)
  eden space 403456K, 100% used [0x0000000780c00000,0x0000000799600000,0x0000000799600000)
  from space 25600K, 0% used [0x0000000799600000,0x0000000799600000,0x000000079af00000)
  to   space 32768K, 0% used [0x00000007a2e00000,0x00000007a2e00000,0x00000007a4e00000)
 ParOldGen       total 169472K, used 55106K [0x0000000702400000, 0x000000070c980000, 0x0000000780c00000)
  object space 169472K, 32% used [0x0000000702400000,0x00000007059d09b8,0x000000070c980000)
 Metaspace       used 35275K, capacity 35943K, committed 36136K, reserved 1081344K
  class space    used 3995K, capacity 4145K, committed 4224K, reserved 1048576K
Event: 28.266 GC heap after
Heap after GC invocations=14 (full 2):
 PSYoungGen      total 534016K, used 32743K [0x0000000780c00000, 0x00000007a7800000, 0x00000007c0000000)
  eden space 501248K, 0% used [0x0000000780c00000,0x0000000780c00000,0x000000079f580000)
  from space 32768K, 99% used [0x00000007a2e00000,0x00000007a4df9e50,0x00000007a4e00000)
  to   space 57856K, 0% used [0x000000079f580000,0x000000079f580000,0x00000007a2e00000)
 ParOldGen       total 169472K, used 110859K [0x0000000702400000, 0x000000070c980000, 0x0000000780c00000)
  object space 169472K, 65% used [0x0000000702400000,0x0000000709042f98,0x000000070c980000)
 Metaspace       used 35275K, capacity 35943K, committed 36136K, reserved 1081344K
  class space    used 3995K, capacity 4145K, committed 4224K, reserved 1048576K
}
Event: 33.622 GC heap before
{Heap before GC invocations=15 (full 2):
 PSYoungGen      total 534016K, used 533991K [0x0000000780c00000, 0x00000007a7800000, 0x00000007c0000000)
  eden space 501248K, 100% used [0x0000000780c00000,0x000000079f580000,0x000000079f580000)
  from space 32768K, 99% used [0x00000007a2e00000,0x00000007a4df9e50,0x00000007a4e00000)
  to   space 57856K, 0% used [0x000000079f580000,0x000000079f580000,0x00000007a2e00000)
 ParOldGen       total 169472K, used 110859K [0x0000000702400000, 0x000000070c980000, 0x0000000780c00000)
  object space 169472K, 65% used [0x0000000702400000,0x0000000709042f98,0x000000070c980000)
 Metaspace       used 35554K, capacity 36217K, committed 36392K, reserved 1081344K
  class space    used 3999K, capacity 4148K, committed 4224K, reserved 1048576K
Event: 33.774 GC heap after
Heap after GC invocations=15 (full 2):
 PSYoungGen      total 559104K, used 57831K [0x0000000780c00000, 0x00000007b3980000, 0x00000007c0000000)
  eden space 501248K, 0% used [0x0000000780c00000,0x0000000780c00000,0x000000079f580000)
  from space 57856K, 99% used [0x000000079f580000,0x00000007a2df9ff8,0x00000007a2e00000)
  to   space 87552K, 0% used [0x00000007ae400000,0x00000007ae400000,0x00000007b3980000)
 ParOldGen       total 169472K, used 165468K [0x0000000702400000, 0x000000070c980000, 0x0000000780c00000)
  object space 169472K, 97% used [0x0000000702400000,0x000000070c5973f0,0x000000070c980000)
 Metaspace       used 35554K, capacity 36217K, committed 36392K, reserved 1081344K
  class space    used 3999K, capacity 4148K, committed 4224K, reserved 1048576K
}
Event: 33.774 GC heap before
{Heap before GC invocations=16 (full 3):
 PSYoungGen      total 559104K, used 57831K [0x0000000780c00000, 0x00000007b3980000, 0x00000007c0000000)
  eden space 501248K, 0% used [0x0000000780c00000,0x0000000780c00000,0x000000079f580000)
  from space 57856K, 99% used [0x000000079f580000,0x00000007a2df9ff8,0x00000007a2e00000)
  to   space 87552K, 0% used [0x00000007ae400000,0x00000007ae400000,0x00000007b3980000)
 ParOldGen       total 169472K, used 165468K [0x0000000702400000, 0x000000070c980000, 0x0000000780c00000)
  object space 169472K, 97% used [0x0000000702400000,0x000000070c5973f0,0x000000070c980000)
 Metaspace       used 35554K, capacity 36217K, committed 36392K, reserved 1081344K
  class space    used 3999K, capacity 4148K, committed 4224K, reserved 1048576K
Event: 34.571 GC heap after
Heap after GC invocations=16 (full 3):
 PSYoungGen      total 559104K, used 0K [0x0000000780c00000, 0x00000007b3980000, 0x00000007c0000000)
  eden space 501248K, 0% used [0x0000000780c00000,0x0000000780c00000,0x000000079f580000)
  from space 57856K, 0% used [0x000000079f580000,0x000000079f580000,0x00000007a2e00000)
  to   space 87552K, 0% used [0x00000007ae400000,0x00000007ae400000,0x00000007b3980000)
 ParOldGen       total 296448K, used 108871K [0x0000000702400000, 0x0000000714580000, 0x0000000780c00000)
  object space 296448K, 36% used [0x0000000702400000,0x0000000708e51ef0,0x0000000714580000)
 Metaspace       used 35554K, capacity 36217K, committed 36392K, reserved 1081344K
  class space    used 3999K, capacity 4148K, committed 4224K, reserved 1048576K
}

