# JRE version: Java(TM) SE Runtime Environment (8.0_131-b11) (build 1.8.0_131-b11)
# Java VM: Java HotSpot(TM) 64-Bit Server VM (25.131-b11 mixed mode windows-amd64 compressed oops)
Heap:
 PSYoungGen      total 602624K, used 448622K [0x0000000780c00000, 0x00000007b2480000, 0x00000007c0000000)
  eden space 524288K, 85% used [0x0000000780c00000,0x000000079c21bba0,0x00000007a0c00000)
  from space 78336K, 0% used [0x00000007a7b80000,0x00000007a7b80000,0x00000007ac800000)
  to   space 114176K, 0% used [0x00000007a0c00000,0x00000007a0c00000,0x00000007a7b80000)
 ParOldGen       total 197632K, used 156419K [0x0000000702400000, 0x000000070e500000, 0x0000000780c00000)
  object space 197632K, 79% used [0x0000000702400000,0x000000070bcc0ca0,0x000000070e500000)
 Metaspace       used 35780K, capacity 36574K, committed 36648K, reserved 1081344K
  class space    used 4041K, capacity 4208K, committed 4224K, reserved 1048576K
GC Heap History (10 events):
Event: 24.952 GC heap before
{Heap before GC invocations=13 (full 2):
 PSYoungGen      total 399360K, used 25063K [0x0000000780c00000, 0x00000007a2180000, 0x00000007c0000000)
  eden space 374272K, 0% used [0x0000000780c00000,0x0000000780c00000,0x0000000797980000)
  from space 25088K, 99% used [0x0000000797980000,0x00000007991f9ff0,0x0000000799200000)
  to   space 35328K, 0% used [0x000000079ff00000,0x000000079ff00000,0x00000007a2180000)
 ParOldGen       total 99328K, used 49978K [0x0000000702400000, 0x0000000708500000, 0x0000000780c00000)
  object space 99328K, 50% used [0x0000000702400000,0x00000007054ceb08,0x0000000708500000)
 Metaspace       used 34799K, capacity 35400K, committed 35496K, reserved 1081344K
  class space    used 3948K, capacity 4091K, committed 4096K, reserved 1048576K
Event: 25.326 GC heap after
Heap after GC invocations=13 (full 2):
 PSYoungGen      total 399360K, used 0K [0x0000000780c00000, 0x00000007a2180000, 0x00000007c0000000)
  eden space 374272K, 0% used [0x0000000780c00000,0x0000000780c00000,0x0000000797980000)
  from space 25088K, 0% used [0x0000000797980000,0x0000000797980000,0x0000000799200000)
  to   space 35328K, 0% used [0x000000079ff00000,0x000000079ff00000,0x00000007a2180000)
 ParOldGen       total 178176K, used 55537K [0x0000000702400000, 0x000000070d200000, 0x0000000780c00000)
  object space 178176K, 31% used [0x0000000702400000,0x0000000705a3c678,0x000000070d200000)
 Metaspace       used 34799K, capacity 35400K, committed 35496K, reserved 1081344K
  class space    used 3948K, capacity 4091K, committed 4096K, reserved 1048576K
}
Event: 30.363 GC heap before
{Heap before GC invocations=14 (full 2):
 PSYoungGen      total 399360K, used 374272K [0x0000000780c00000, 0x00000007a2180000, 0x00000007c0000000)
  eden space 374272K, 100% used [0x0000000780c00000,0x0000000797980000,0x0000000797980000)
  from space 25088K, 0% used [0x0000000797980000,0x0000000797980000,0x0000000799200000)
  to   space 35328K, 0% used [0x000000079ff00000,0x000000079ff00000,0x00000007a2180000)
 ParOldGen       total 178176K, used 55537K [0x0000000702400000, 0x000000070d200000, 0x0000000780c00000)
  object space 178176K, 31% used [0x0000000702400000,0x0000000705a3c678,0x000000070d200000)
 Metaspace       used 35071K, capacity 35814K, committed 36136K, reserved 1081344K
  class space    used 3965K, capacity 4144K, committed 4224K, reserved 1048576K
Event: 30.437 GC heap after
Heap after GC invocations=14 (full 2):
 PSYoungGen      total 476672K, used 35299K [0x0000000780c00000, 0x00000007a6400000, 0x00000007c0000000)
  eden space 441344K, 0% used [0x0000000780c00000,0x0000000780c00000,0x000000079bb00000)
  from space 35328K, 99% used [0x000000079ff00000,0x00000007a2178d20,0x00000007a2180000)
  to   space 69632K, 0% used [0x000000079bb00000,0x000000079bb00000,0x000000079ff00000)
 ParOldGen       total 178176K, used 134649K [0x0000000702400000, 0x000000070d200000, 0x0000000780c00000)
  object space 178176K, 75% used [0x0000000702400000,0x000000070a77e4f0,0x000000070d200000)
 Metaspace       used 35071K, capacity 35814K, committed 36136K, reserved 1081344K
  class space    used 3965K, capacity 4144K, committed 4224K, reserved 1048576K
}
Event: 35.426 GC heap before
{Heap before GC invocations=15 (full 2):
 PSYoungGen      total 476672K, used 476643K [0x0000000780c00000, 0x00000007a6400000, 0x00000007c0000000)
  eden space 441344K, 100% used [0x0000000780c00000,0x000000079bb00000,0x000000079bb00000)
  from space 35328K, 99% used [0x000000079ff00000,0x00000007a2178d20,0x00000007a2180000)
  to   space 69632K, 0% used [0x000000079bb00000,0x000000079bb00000,0x000000079ff00000)
 ParOldGen       total 178176K, used 134649K [0x0000000702400000, 0x000000070d200000, 0x0000000780c00000)
  object space 178176K, 75% used [0x0000000702400000,0x000000070a77e4f0,0x000000070d200000)
 Metaspace       used 35531K, capacity 36216K, committed 36392K, reserved 1081344K
  class space    used 3999K, capacity 4147K, committed 4224K, reserved 1048576K
Event: 35.513 GC heap after
Heap after GC invocations=15 (full 2):
 PSYoungGen      total 510976K, used 62160K [0x0000000780c00000, 0x00000007ac800000, 0x00000007c0000000)
  eden space 441344K, 0% used [0x0000000780c00000,0x0000000780c00000,0x000000079bb00000)
  from space 69632K, 89% used [0x000000079bb00000,0x000000079f7b41d8,0x000000079ff00000)
  to   space 78336K, 0% used [0x00000007a7b80000,0x00000007a7b80000,0x00000007ac800000)
 ParOldGen       total 178176K, used 134657K [0x0000000702400000, 0x000000070d200000, 0x0000000780c00000)
  object space 178176K, 75% used [0x0000000702400000,0x000000070a7804f0,0x000000070d200000)
 Metaspace       used 35531K, capacity 36216K, committed 36392K, reserved 1081344K
  class space    used 3999K, capacity 4147K, committed 4224K, reserved 1048576K
}
Event: 40.172 GC heap before
{Heap before GC invocations=16 (full 2):
 PSYoungGen      total 510976K, used 503504K [0x0000000780c00000, 0x00000007ac800000, 0x00000007c0000000)
  eden space 441344K, 100% used [0x0000000780c00000,0x000000079bb00000,0x000000079bb00000)
  from space 69632K, 89% used [0x000000079bb00000,0x000000079f7b41d8,0x000000079ff00000)
  to   space 78336K, 0% used [0x00000007a7b80000,0x00000007a7b80000,0x00000007ac800000)
 ParOldGen       total 178176K, used 134657K [0x0000000702400000, 0x000000070d200000, 0x0000000780c00000)
  object space 178176K, 75% used [0x0000000702400000,0x000000070a7804f0,0x000000070d200000)
 Metaspace       used 35548K, capacity 36222K, committed 36392K, reserved 1081344K
  class space    used 4000K, capacity 4148K, committed 4224K, reserved 1048576K
Event: 40.400 GC heap after
Heap after GC invocations=16 (full 2):
 PSYoungGen      total 602624K, used 78327K [0x0000000780c00000, 0x00000007b2480000, 0x00000007c0000000)
  eden space 524288K, 0% used [0x0000000780c00000,0x0000000780c00000,0x00000007a0c00000)
  from space 78336K, 99% used [0x00000007a7b80000,0x00000007ac7fdd58,0x00000007ac800000)
  to   space 114176K, 0% used [0x00000007a0c00000,0x00000007a0c00000,0x00000007a7b80000)
 ParOldGen       total 197632K, used 196738K [0x0000000702400000, 0x000000070e500000, 0x0000000780c00000)
  object space 197632K, 99% used [0x0000000702400000,0x000000070e420808,0x000000070e500000)
 Metaspace       used 35548K, capacity 36222K, committed 36392K, reserved 1081344K
  class space    used 4000K, capacity 4148K, committed 4224K, reserved 1048576K
}
Event: 40.400 GC heap before
{Heap before GC invocations=17 (full 3):
 PSYoungGen      total 602624K, used 78327K [0x0000000780c00000, 0x00000007b2480000, 0x00000007c0000000)
  eden space 524288K, 0% used [0x0000000780c00000,0x0000000780c00000,0x00000007a0c00000)
  from space 78336K, 99% used [0x00000007a7b80000,0x00000007ac7fdd58,0x00000007ac800000)
  to   space 114176K, 0% used [0x00000007a0c00000,0x00000007a0c00000,0x00000007a7b80000)
 ParOldGen       total 197632K, used 196738K [0x0000000702400000, 0x000000070e500000, 0x0000000780c00000)
  object space 197632K, 99% used [0x0000000702400000,0x000000070e420808,0x000000070e500000)
 Metaspace       used 35548K, capacity 36222K, committed 36392K, reserved 1081344K
  class space    used 4000K, capacity 4148K, committed 4224K, reserved 1048576K
Event: 44.652 GC heap after
Heap after GC invocations=17 (full 3):
 PSYoungGen      total 602624K, used 0K [0x0000000780c00000, 0x00000007b2480000, 0x00000007c0000000)
  eden space 524288K, 0% used [0x0000000780c00000,0x0000000780c00000,0x00000007a0c00000)
  from space 78336K, 0% used [0x00000007a7b80000,0x00000007a7b80000,0x00000007ac800000)
  to   space 114176K, 0% used [0x00000007a0c00000,0x00000007a0c00000,0x00000007a7b80000)
 ParOldGen       total 197632K, used 156419K [0x0000000702400000, 0x000000070e500000, 0x0000000780c00000)
  object space 197632K, 79% used [0x0000000702400000,0x000000070bcc0ca0,0x000000070e500000)
 Metaspace       used 35548K, capacity 36222K, committed 36392K, reserved 1081344K
  class space    used 4000K, capacity 4148K, committed 4224K, reserved 1048576K
}

